<?xml version="1.0" encoding="UTF-8"?>
<!-- Generated by org.testng.reporters.JUnitXMLReporter -->
<testsuite ignored="0" hostname="Deshan" failures="0" tests="1" name="Surefire test" time="1.423" errors="0" timestamp="02 Aug 2021 19:24:04 GMT">
  <testcase classname="com.qa.opencart.base.BaseClass" name="@BeforeMethod precondition" time="0.0">
    <failure type="org.testng.TestNGException" message="
Parameter &amp;apos;browsername&amp;apos; is required by BeforeMethod on method precondition but has not been marked @Optional or defined
">
      <![CDATA[org.testng.TestNGException: 
Parameter 'browsername' is required by BeforeMethod on method precondition but has not been marked @Optional or defined

... Removed 29 stack frames]]>
    </failure>
  </testcase> <!-- @BeforeMethod precondition -->
  <testcase classname="com.qa.opencart.pagetest.LoginTest" name="Login_Test" time="0.0">
    <skipped/>
  </testcase> <!-- Login_Test -->
</testsuite> <!-- Surefire test -->
